<?xml version="1.0" encoding="UTF-8"?>
<testsuite xmlns:xsi="http://www.w3.org/2001/XMLSchema-instance" xsi:noNamespaceSchemaLocation="https://maven.apache.org/surefire/maven-surefire-plugin/xsd/surefire-test-report.xsd" name="com.fabriciospringcloud.microservicios.app.config.MicroserviciosConfigServerApplicationTests" time="11.18" tests="1" errors="0" skipped="0" failures="0">
  <properties>
    <property name="sun.desktop" value="windows"/>
    <property name="awt.toolkit" value="sun.awt.windows.WToolkit"/>
    <property name="file.encoding.pkg" value="sun.io"/>
    <property name="java.specification.version" value="1.8"/>
    <property name="sun.cpu.isalist" value="amd64"/>
    <property name="sun.jnu.encoding" value="Cp1252"/>
    <property name="java.class.path" value="C:\spring5\eclipse-workspace\microservicios-config-server\target\test-classes;C:\spring5\eclipse-workspace\microservicios-config-server\target\classes;C:\Users\floyola\.m2\repository\org\springframework\cloud\spring-cloud-config-server\2.2.2.RELEASE\spring-cloud-config-server-2.2.2.RELEASE.jar;C:\Users\floyola\.m2\repository\org\springframework\cloud\spring-cloud-config-client\2.2.2.RELEASE\spring-cloud-config-client-2.2.2.RELEASE.jar;C:\Users\floyola\.m2\repository\org\springframework\cloud\spring-cloud-commons\2.2.2.RELEASE\spring-cloud-commons-2.2.2.RELEASE.jar;C:\Users\floyola\.m2\repository\org\springframework\cloud\spring-cloud-context\2.2.2.RELEASE\spring-cloud-context-2.2.2.RELEASE.jar;C:\Users\floyola\.m2\repository\org\springframework\spring-web\5.2.6.RELEASE\spring-web-5.2.6.RELEASE.jar;C:\Users\floyola\.m2\repository\org\springframework\spring-beans\5.2.6.RELEASE\spring-beans-5.2.6.RELEASE.jar;C:\Users\floyola\.m2\repository\com\fasterxml\jackson\core\jackson-annotations\2.11.0\jackson-annotations-2.11.0.jar;C:\Users\floyola\.m2\repository\com\fasterxml\jackson\core\jackson-databind\2.11.0\jackson-databind-2.11.0.jar;C:\Users\floyola\.m2\repository\org\springframework\boot\spring-boot-starter-actuator\2.3.0.RELEASE\spring-boot-starter-actuator-2.3.0.RELEASE.jar;C:\Users\floyola\.m2\repository\org\springframework\boot\spring-boot-actuator-autoconfigure\2.3.0.RELEASE\spring-boot-actuator-autoconfigure-2.3.0.RELEASE.jar;C:\Users\floyola\.m2\repository\org\springframework\boot\spring-boot-actuator\2.3.0.RELEASE\spring-boot-actuator-2.3.0.RELEASE.jar;C:\Users\floyola\.m2\repository\com\fasterxml\jackson\datatype\jackson-datatype-jsr310\2.11.0\jackson-datatype-jsr310-2.11.0.jar;C:\Users\floyola\.m2\repository\io\micrometer\micrometer-core\1.5.1\micrometer-core-1.5.1.jar;C:\Users\floyola\.m2\repository\org\hdrhistogram\HdrHistogram\2.1.12\HdrHistogram-2.1.12.jar;C:\Users\floyola\.m2\repository\org\latencyutils\LatencyUtils\2.0.3\LatencyUtils-2.0.3.jar;C:\Users\floyola\.m2\repository\org\springframework\boot\spring-boot-starter-web\2.3.0.RELEASE\spring-boot-starter-web-2.3.0.RELEASE.jar;C:\Users\floyola\.m2\repository\org\springframework\boot\spring-boot-starter-json\2.3.0.RELEASE\spring-boot-starter-json-2.3.0.RELEASE.jar;C:\Users\floyola\.m2\repository\com\fasterxml\jackson\datatype\jackson-datatype-jdk8\2.11.0\jackson-datatype-jdk8-2.11.0.jar;C:\Users\floyola\.m2\repository\com\fasterxml\jackson\module\jackson-module-parameter-names\2.11.0\jackson-module-parameter-names-2.11.0.jar;C:\Users\floyola\.m2\repository\org\springframework\boot\spring-boot-starter-tomcat\2.3.0.RELEASE\spring-boot-starter-tomcat-2.3.0.RELEASE.jar;C:\Users\floyola\.m2\repository\org\apache\tomcat\embed\tomcat-embed-core\9.0.35\tomcat-embed-core-9.0.35.jar;C:\Users\floyola\.m2\repository\org\apache\tomcat\embed\tomcat-embed-websocket\9.0.35\tomcat-embed-websocket-9.0.35.jar;C:\Users\floyola\.m2\repository\org\springframework\spring-webmvc\5.2.6.RELEASE\spring-webmvc-5.2.6.RELEASE.jar;C:\Users\floyola\.m2\repository\org\springframework\spring-aop\5.2.6.RELEASE\spring-aop-5.2.6.RELEASE.jar;C:\Users\floyola\.m2\repository\org\springframework\spring-expression\5.2.6.RELEASE\spring-expression-5.2.6.RELEASE.jar;C:\Users\floyola\.m2\repository\org\springframework\boot\spring-boot-starter-validation\2.3.0.RELEASE\spring-boot-starter-validation-2.3.0.RELEASE.jar;C:\Users\floyola\.m2\repository\org\glassfish\jakarta.el\3.0.3\jakarta.el-3.0.3.jar;C:\Users\floyola\.m2\repository\org\hibernate\validator\hibernate-validator\6.1.5.Final\hibernate-validator-6.1.5.Final.jar;C:\Users\floyola\.m2\repository\jakarta\validation\jakarta.validation-api\2.0.2\jakarta.validation-api-2.0.2.jar;C:\Users\floyola\.m2\repository\org\jboss\logging\jboss-logging\3.4.1.Final\jboss-logging-3.4.1.Final.jar;C:\Users\floyola\.m2\repository\com\fasterxml\classmate\1.5.1\classmate-1.5.1.jar;C:\Users\floyola\.m2\repository\org\springframework\security\spring-security-crypto\5.3.2.RELEASE\spring-security-crypto-5.3.2.RELEASE.jar;C:\Users\floyola\.m2\repository\org\springframework\security\spring-security-rsa\1.0.9.RELEASE\spring-security-rsa-1.0.9.RELEASE.jar;C:\Users\floyola\.m2\repository\org\bouncycastle\bcpkix-jdk15on\1.64\bcpkix-jdk15on-1.64.jar;C:\Users\floyola\.m2\repository\org\bouncycastle\bcprov-jdk15on\1.64\bcprov-jdk15on-1.64.jar;C:\Users\floyola\.m2\repository\org\eclipse\jgit\org.eclipse.jgit\5.1.3.201810200350-r\org.eclipse.jgit-5.1.3.201810200350-r.jar;C:\Users\floyola\.m2\repository\com\jcraft\jsch\0.1.54\jsch-0.1.54.jar;C:\Users\floyola\.m2\repository\com\jcraft\jzlib\1.1.1\jzlib-1.1.1.jar;C:\Users\floyola\.m2\repository\com\googlecode\javaewah\JavaEWAH\1.1.6\JavaEWAH-1.1.6.jar;C:\Users\floyola\.m2\repository\org\slf4j\slf4j-api\1.7.30\slf4j-api-1.7.30.jar;C:\Users\floyola\.m2\repository\org\eclipse\jgit\org.eclipse.jgit.http.apache\5.1.3.201810200350-r\org.eclipse.jgit.http.apache-5.1.3.201810200350-r.jar;C:\Users\floyola\.m2\repository\org\apache\httpcomponents\httpclient\4.5.12\httpclient-4.5.12.jar;C:\Users\floyola\.m2\repository\commons-codec\commons-codec\1.14\commons-codec-1.14.jar;C:\Users\floyola\.m2\repository\org\apache\httpcomponents\httpcore\4.4.13\httpcore-4.4.13.jar;C:\Users\floyola\.m2\repository\org\yaml\snakeyaml\1.26\snakeyaml-1.26.jar;C:\Users\floyola\.m2\repository\com\fasterxml\jackson\dataformat\jackson-dataformat-yaml\2.11.0\jackson-dataformat-yaml-2.11.0.jar;C:\Users\floyola\.m2\repository\com\fasterxml\jackson\core\jackson-core\2.11.0\jackson-core-2.11.0.jar;C:\Users\floyola\.m2\repository\org\springframework\boot\spring-boot-devtools\2.3.0.RELEASE\spring-boot-devtools-2.3.0.RELEASE.jar;C:\Users\floyola\.m2\repository\org\springframework\boot\spring-boot\2.3.0.RELEASE\spring-boot-2.3.0.RELEASE.jar;C:\Users\floyola\.m2\repository\org\springframework\spring-context\5.2.6.RELEASE\spring-context-5.2.6.RELEASE.jar;C:\Users\floyola\.m2\repository\org\springframework\boot\spring-boot-autoconfigure\2.3.0.RELEASE\spring-boot-autoconfigure-2.3.0.RELEASE.jar;C:\Users\floyola\.m2\repository\org\springframework\boot\spring-boot-starter-test\2.3.0.RELEASE\spring-boot-starter-test-2.3.0.RELEASE.jar;C:\Users\floyola\.m2\repository\org\springframework\boot\spring-boot-starter\2.3.0.RELEASE\spring-boot-starter-2.3.0.RELEASE.jar;C:\Users\floyola\.m2\repository\org\springframework\boot\spring-boot-starter-logging\2.3.0.RELEASE\spring-boot-starter-logging-2.3.0.RELEASE.jar;C:\Users\floyola\.m2\repository\ch\qos\logback\logback-classic\1.2.3\logback-classic-1.2.3.jar;C:\Users\floyola\.m2\repository\ch\qos\logback\logback-core\1.2.3\logback-core-1.2.3.jar;C:\Users\floyola\.m2\repository\org\apache\logging\log4j\log4j-to-slf4j\2.13.2\log4j-to-slf4j-2.13.2.jar;C:\Users\floyola\.m2\repository\org\apache\logging\log4j\log4j-api\2.13.2\log4j-api-2.13.2.jar;C:\Users\floyola\.m2\repository\org\slf4j\jul-to-slf4j\1.7.30\jul-to-slf4j-1.7.30.jar;C:\Users\floyola\.m2\repository\jakarta\annotation\jakarta.annotation-api\1.3.5\jakarta.annotation-api-1.3.5.jar;C:\Users\floyola\.m2\repository\org\springframework\boot\spring-boot-test\2.3.0.RELEASE\spring-boot-test-2.3.0.RELEASE.jar;C:\Users\floyola\.m2\repository\org\springframework\boot\spring-boot-test-autoconfigure\2.3.0.RELEASE\spring-boot-test-autoconfigure-2.3.0.RELEASE.jar;C:\Users\floyola\.m2\repository\com\jayway\jsonpath\json-path\2.4.0\json-path-2.4.0.jar;C:\Users\floyola\.m2\repository\net\minidev\json-smart\2.3\json-smart-2.3.jar;C:\Users\floyola\.m2\repository\net\minidev\accessors-smart\1.2\accessors-smart-1.2.jar;C:\Users\floyola\.m2\repository\org\ow2\asm\asm\5.0.4\asm-5.0.4.jar;C:\Users\floyola\.m2\repository\jakarta\xml\bind\jakarta.xml.bind-api\2.3.3\jakarta.xml.bind-api-2.3.3.jar;C:\Users\floyola\.m2\repository\jakarta\activation\jakarta.activation-api\1.2.2\jakarta.activation-api-1.2.2.jar;C:\Users\floyola\.m2\repository\org\assertj\assertj-core\3.16.1\assertj-core-3.16.1.jar;C:\Users\floyola\.m2\repository\org\hamcrest\hamcrest\2.2\hamcrest-2.2.jar;C:\Users\floyola\.m2\repository\org\junit\jupiter\junit-jupiter\5.6.2\junit-jupiter-5.6.2.jar;C:\Users\floyola\.m2\repository\org\junit\jupiter\junit-jupiter-api\5.6.2\junit-jupiter-api-5.6.2.jar;C:\Users\floyola\.m2\repository\org\apiguardian\apiguardian-api\1.1.0\apiguardian-api-1.1.0.jar;C:\Users\floyola\.m2\repository\org\opentest4j\opentest4j\1.2.0\opentest4j-1.2.0.jar;C:\Users\floyola\.m2\repository\org\junit\platform\junit-platform-commons\1.6.2\junit-platform-commons-1.6.2.jar;C:\Users\floyola\.m2\repository\org\junit\jupiter\junit-jupiter-params\5.6.2\junit-jupiter-params-5.6.2.jar;C:\Users\floyola\.m2\repository\org\junit\jupiter\junit-jupiter-engine\5.6.2\junit-jupiter-engine-5.6.2.jar;C:\Users\floyola\.m2\repository\org\junit\platform\junit-platform-engine\1.6.2\junit-platform-engine-1.6.2.jar;C:\Users\floyola\.m2\repository\org\mockito\mockito-core\3.3.3\mockito-core-3.3.3.jar;C:\Users\floyola\.m2\repository\net\bytebuddy\byte-buddy\1.10.10\byte-buddy-1.10.10.jar;C:\Users\floyola\.m2\repository\net\bytebuddy\byte-buddy-agent\1.10.10\byte-buddy-agent-1.10.10.jar;C:\Users\floyola\.m2\repository\org\objenesis\objenesis\2.6\objenesis-2.6.jar;C:\Users\floyola\.m2\repository\org\mockito\mockito-junit-jupiter\3.3.3\mockito-junit-jupiter-3.3.3.jar;C:\Users\floyola\.m2\repository\org\skyscreamer\jsonassert\1.5.0\jsonassert-1.5.0.jar;C:\Users\floyola\.m2\repository\com\vaadin\external\google\android-json\0.0.20131108.vaadin1\android-json-0.0.20131108.vaadin1.jar;C:\Users\floyola\.m2\repository\org\springframework\spring-core\5.2.6.RELEASE\spring-core-5.2.6.RELEASE.jar;C:\Users\floyola\.m2\repository\org\springframework\spring-jcl\5.2.6.RELEASE\spring-jcl-5.2.6.RELEASE.jar;C:\Users\floyola\.m2\repository\org\springframework\spring-test\5.2.6.RELEASE\spring-test-5.2.6.RELEASE.jar;C:\Users\floyola\.m2\repository\org\xmlunit\xmlunit-core\2.7.0\xmlunit-core-2.7.0.jar;"/>
    <property name="java.vm.vendor" value="Oracle Corporation"/>
    <property name="sun.arch.data.model" value="64"/>
    <property name="user.variant" value=""/>
    <property name="java.vendor.url" value="http://java.oracle.com/"/>
    <property name="user.timezone" value="America/Buenos_Aires"/>
    <property name="java.vm.specification.version" value="1.8"/>
    <property name="os.name" value="Windows 10"/>
    <property name="user.country" value="AR"/>
    <property name="sun.java.launcher" value="SUN_STANDARD"/>
    <property name="sun.boot.library.path" value="C:\Program Files\Java\jdk1.8.0_241\jre\bin"/>
    <property name="sun.java.command" value="C:\Users\floyola\AppData\Local\Temp\surefire2694948494088374090\surefirebooter3861023683658970123.jar C:\Users\floyola\AppData\Local\Temp\surefire2694948494088374090 2020-08-19T11-55-33_909-jvmRun1 surefire5517256390782450499tmp surefire_01818166025315498012tmp"/>
    <property name="surefire.test.class.path" value="C:\spring5\eclipse-workspace\microservicios-config-server\target\test-classes;C:\spring5\eclipse-workspace\microservicios-config-server\target\classes;C:\Users\floyola\.m2\repository\org\springframework\cloud\spring-cloud-config-server\2.2.2.RELEASE\spring-cloud-config-server-2.2.2.RELEASE.jar;C:\Users\floyola\.m2\repository\org\springframework\cloud\spring-cloud-config-client\2.2.2.RELEASE\spring-cloud-config-client-2.2.2.RELEASE.jar;C:\Users\floyola\.m2\repository\org\springframework\cloud\spring-cloud-commons\2.2.2.RELEASE\spring-cloud-commons-2.2.2.RELEASE.jar;C:\Users\floyola\.m2\repository\org\springframework\cloud\spring-cloud-context\2.2.2.RELEASE\spring-cloud-context-2.2.2.RELEASE.jar;C:\Users\floyola\.m2\repository\org\springframework\spring-web\5.2.6.RELEASE\spring-web-5.2.6.RELEASE.jar;C:\Users\floyola\.m2\repository\org\springframework\spring-beans\5.2.6.RELEASE\spring-beans-5.2.6.RELEASE.jar;C:\Users\floyola\.m2\repository\com\fasterxml\jackson\core\jackson-annotations\2.11.0\jackson-annotations-2.11.0.jar;C:\Users\floyola\.m2\repository\com\fasterxml\jackson\core\jackson-databind\2.11.0\jackson-databind-2.11.0.jar;C:\Users\floyola\.m2\repository\org\springframework\boot\spring-boot-starter-actuator\2.3.0.RELEASE\spring-boot-starter-actuator-2.3.0.RELEASE.jar;C:\Users\floyola\.m2\repository\org\springframework\boot\spring-boot-actuator-autoconfigure\2.3.0.RELEASE\spring-boot-actuator-autoconfigure-2.3.0.RELEASE.jar;C:\Users\floyola\.m2\repository\org\springframework\boot\spring-boot-actuator\2.3.0.RELEASE\spring-boot-actuator-2.3.0.RELEASE.jar;C:\Users\floyola\.m2\repository\com\fasterxml\jackson\datatype\jackson-datatype-jsr310\2.11.0\jackson-datatype-jsr310-2.11.0.jar;C:\Users\floyola\.m2\repository\io\micrometer\micrometer-core\1.5.1\micrometer-core-1.5.1.jar;C:\Users\floyola\.m2\repository\org\hdrhistogram\HdrHistogram\2.1.12\HdrHistogram-2.1.12.jar;C:\Users\floyola\.m2\repository\org\latencyutils\LatencyUtils\2.0.3\LatencyUtils-2.0.3.jar;C:\Users\floyola\.m2\repository\org\springframework\boot\spring-boot-starter-web\2.3.0.RELEASE\spring-boot-starter-web-2.3.0.RELEASE.jar;C:\Users\floyola\.m2\repository\org\springframework\boot\spring-boot-starter-json\2.3.0.RELEASE\spring-boot-starter-json-2.3.0.RELEASE.jar;C:\Users\floyola\.m2\repository\com\fasterxml\jackson\datatype\jackson-datatype-jdk8\2.11.0\jackson-datatype-jdk8-2.11.0.jar;C:\Users\floyola\.m2\repository\com\fasterxml\jackson\module\jackson-module-parameter-names\2.11.0\jackson-module-parameter-names-2.11.0.jar;C:\Users\floyola\.m2\repository\org\springframework\boot\spring-boot-starter-tomcat\2.3.0.RELEASE\spring-boot-starter-tomcat-2.3.0.RELEASE.jar;C:\Users\floyola\.m2\repository\org\apache\tomcat\embed\tomcat-embed-core\9.0.35\tomcat-embed-core-9.0.35.jar;C:\Users\floyola\.m2\repository\org\apache\tomcat\embed\tomcat-embed-websocket\9.0.35\tomcat-embed-websocket-9.0.35.jar;C:\Users\floyola\.m2\repository\org\springframework\spring-webmvc\5.2.6.RELEASE\spring-webmvc-5.2.6.RELEASE.jar;C:\Users\floyola\.m2\repository\org\springframework\spring-aop\5.2.6.RELEASE\spring-aop-5.2.6.RELEASE.jar;C:\Users\floyola\.m2\repository\org\springframework\spring-expression\5.2.6.RELEASE\spring-expression-5.2.6.RELEASE.jar;C:\Users\floyola\.m2\repository\org\springframework\boot\spring-boot-starter-validation\2.3.0.RELEASE\spring-boot-starter-validation-2.3.0.RELEASE.jar;C:\Users\floyola\.m2\repository\org\glassfish\jakarta.el\3.0.3\jakarta.el-3.0.3.jar;C:\Users\floyola\.m2\repository\org\hibernate\validator\hibernate-validator\6.1.5.Final\hibernate-validator-6.1.5.Final.jar;C:\Users\floyola\.m2\repository\jakarta\validation\jakarta.validation-api\2.0.2\jakarta.validation-api-2.0.2.jar;C:\Users\floyola\.m2\repository\org\jboss\logging\jboss-logging\3.4.1.Final\jboss-logging-3.4.1.Final.jar;C:\Users\floyola\.m2\repository\com\fasterxml\classmate\1.5.1\classmate-1.5.1.jar;C:\Users\floyola\.m2\repository\org\springframework\security\spring-security-crypto\5.3.2.RELEASE\spring-security-crypto-5.3.2.RELEASE.jar;C:\Users\floyola\.m2\repository\org\springframework\security\spring-security-rsa\1.0.9.RELEASE\spring-security-rsa-1.0.9.RELEASE.jar;C:\Users\floyola\.m2\repository\org\bouncycastle\bcpkix-jdk15on\1.64\bcpkix-jdk15on-1.64.jar;C:\Users\floyola\.m2\repository\org\bouncycastle\bcprov-jdk15on\1.64\bcprov-jdk15on-1.64.jar;C:\Users\floyola\.m2\repository\org\eclipse\jgit\org.eclipse.jgit\5.1.3.201810200350-r\org.eclipse.jgit-5.1.3.201810200350-r.jar;C:\Users\floyola\.m2\repository\com\jcraft\jsch\0.1.54\jsch-0.1.54.jar;C:\Users\floyola\.m2\repository\com\jcraft\jzlib\1.1.1\jzlib-1.1.1.jar;C:\Users\floyola\.m2\repository\com\googlecode\javaewah\JavaEWAH\1.1.6\JavaEWAH-1.1.6.jar;C:\Users\floyola\.m2\repository\org\slf4j\slf4j-api\1.7.30\slf4j-api-1.7.30.jar;C:\Users\floyola\.m2\repository\org\eclipse\jgit\org.eclipse.jgit.http.apache\5.1.3.201810200350-r\org.eclipse.jgit.http.apache-5.1.3.201810200350-r.jar;C:\Users\floyola\.m2\repository\org\apache\httpcomponents\httpclient\4.5.12\httpclient-4.5.12.jar;C:\Users\floyola\.m2\repository\commons-codec\commons-codec\1.14\commons-codec-1.14.jar;C:\Users\floyola\.m2\repository\org\apache\httpcomponents\httpcore\4.4.13\httpcore-4.4.13.jar;C:\Users\floyola\.m2\repository\org\yaml\snakeyaml\1.26\snakeyaml-1.26.jar;C:\Users\floyola\.m2\repository\com\fasterxml\jackson\dataformat\jackson-dataformat-yaml\2.11.0\jackson-dataformat-yaml-2.11.0.jar;C:\Users\floyola\.m2\repository\com\fasterxml\jackson\core\jackson-core\2.11.0\jackson-core-2.11.0.jar;C:\Users\floyola\.m2\repository\org\springframework\boot\spring-boot-devtools\2.3.0.RELEASE\spring-boot-devtools-2.3.0.RELEASE.jar;C:\Users\floyola\.m2\repository\org\springframework\boot\spring-boot\2.3.0.RELEASE\spring-boot-2.3.0.RELEASE.jar;C:\Users\floyola\.m2\repository\org\springframework\spring-context\5.2.6.RELEASE\spring-context-5.2.6.RELEASE.jar;C:\Users\floyola\.m2\repository\org\springframework\boot\spring-boot-autoconfigure\2.3.0.RELEASE\spring-boot-autoconfigure-2.3.0.RELEASE.jar;C:\Users\floyola\.m2\repository\org\springframework\boot\spring-boot-starter-test\2.3.0.RELEASE\spring-boot-starter-test-2.3.0.RELEASE.jar;C:\Users\floyola\.m2\repository\org\springframework\boot\spring-boot-starter\2.3.0.RELEASE\spring-boot-starter-2.3.0.RELEASE.jar;C:\Users\floyola\.m2\repository\org\springframework\boot\spring-boot-starter-logging\2.3.0.RELEASE\spring-boot-starter-logging-2.3.0.RELEASE.jar;C:\Users\floyola\.m2\repository\ch\qos\logback\logback-classic\1.2.3\logback-classic-1.2.3.jar;C:\Users\floyola\.m2\repository\ch\qos\logback\logback-core\1.2.3\logback-core-1.2.3.jar;C:\Users\floyola\.m2\repository\org\apache\logging\log4j\log4j-to-slf4j\2.13.2\log4j-to-slf4j-2.13.2.jar;C:\Users\floyola\.m2\repository\org\apache\logging\log4j\log4j-api\2.13.2\log4j-api-2.13.2.jar;C:\Users\floyola\.m2\repository\org\slf4j\jul-to-slf4j\1.7.30\jul-to-slf4j-1.7.30.jar;C:\Users\floyola\.m2\repository\jakarta\annotation\jakarta.annotation-api\1.3.5\jakarta.annotation-api-1.3.5.jar;C:\Users\floyola\.m2\repository\org\springframework\boot\spring-boot-test\2.3.0.RELEASE\spring-boot-test-2.3.0.RELEASE.jar;C:\Users\floyola\.m2\repository\org\springframework\boot\spring-boot-test-autoconfigure\2.3.0.RELEASE\spring-boot-test-autoconfigure-2.3.0.RELEASE.jar;C:\Users\floyola\.m2\repository\com\jayway\jsonpath\json-path\2.4.0\json-path-2.4.0.jar;C:\Users\floyola\.m2\repository\net\minidev\json-smart\2.3\json-smart-2.3.jar;C:\Users\floyola\.m2\repository\net\minidev\accessors-smart\1.2\accessors-smart-1.2.jar;C:\Users\floyola\.m2\repository\org\ow2\asm\asm\5.0.4\asm-5.0.4.jar;C:\Users\floyola\.m2\repository\jakarta\xml\bind\jakarta.xml.bind-api\2.3.3\jakarta.xml.bind-api-2.3.3.jar;C:\Users\floyola\.m2\repository\jakarta\activation\jakarta.activation-api\1.2.2\jakarta.activation-api-1.2.2.jar;C:\Users\floyola\.m2\repository\org\assertj\assertj-core\3.16.1\assertj-core-3.16.1.jar;C:\Users\floyola\.m2\repository\org\hamcrest\hamcrest\2.2\hamcrest-2.2.jar;C:\Users\floyola\.m2\repository\org\junit\jupiter\junit-jupiter\5.6.2\junit-jupiter-5.6.2.jar;C:\Users\floyola\.m2\repository\org\junit\jupiter\junit-jupiter-api\5.6.2\junit-jupiter-api-5.6.2.jar;C:\Users\floyola\.m2\repository\org\apiguardian\apiguardian-api\1.1.0\apiguardian-api-1.1.0.jar;C:\Users\floyola\.m2\repository\org\opentest4j\opentest4j\1.2.0\opentest4j-1.2.0.jar;C:\Users\floyola\.m2\repository\org\junit\platform\junit-platform-commons\1.6.2\junit-platform-commons-1.6.2.jar;C:\Users\floyola\.m2\repository\org\junit\jupiter\junit-jupiter-params\5.6.2\junit-jupiter-params-5.6.2.jar;C:\Users\floyola\.m2\repository\org\junit\jupiter\junit-jupiter-engine\5.6.2\junit-jupiter-engine-5.6.2.jar;C:\Users\floyola\.m2\repository\org\junit\platform\junit-platform-engine\1.6.2\junit-platform-engine-1.6.2.jar;C:\Users\floyola\.m2\repository\org\mockito\mockito-core\3.3.3\mockito-core-3.3.3.jar;C:\Users\floyola\.m2\repository\net\bytebuddy\byte-buddy\1.10.10\byte-buddy-1.10.10.jar;C:\Users\floyola\.m2\repository\net\bytebuddy\byte-buddy-agent\1.10.10\byte-buddy-agent-1.10.10.jar;C:\Users\floyola\.m2\repository\org\objenesis\objenesis\2.6\objenesis-2.6.jar;C:\Users\floyola\.m2\repository\org\mockito\mockito-junit-jupiter\3.3.3\mockito-junit-jupiter-3.3.3.jar;C:\Users\floyola\.m2\repository\org\skyscreamer\jsonassert\1.5.0\jsonassert-1.5.0.jar;C:\Users\floyola\.m2\repository\com\vaadin\external\google\android-json\0.0.20131108.vaadin1\android-json-0.0.20131108.vaadin1.jar;C:\Users\floyola\.m2\repository\org\springframework\spring-core\5.2.6.RELEASE\spring-core-5.2.6.RELEASE.jar;C:\Users\floyola\.m2\repository\org\springframework\spring-jcl\5.2.6.RELEASE\spring-jcl-5.2.6.RELEASE.jar;C:\Users\floyola\.m2\repository\org\springframework\spring-test\5.2.6.RELEASE\spring-test-5.2.6.RELEASE.jar;C:\Users\floyola\.m2\repository\org\xmlunit\xmlunit-core\2.7.0\xmlunit-core-2.7.0.jar;"/>
    <property name="sun.cpu.endian" value="little"/>
    <property name="user.home" value="C:\Users\floyola"/>
    <property name="user.language" value="es"/>
    <property name="java.specification.vendor" value="Oracle Corporation"/>
    <property name="java.home" value="C:\Program Files\Java\jdk1.8.0_241\jre"/>
    <property name="basedir" value="C:\spring5\eclipse-workspace\microservicios-config-server"/>
    <property name="file.separator" value="\"/>
    <property name="line.separator" value="&#10;"/>
    <property name="java.vm.specification.vendor" value="Oracle Corporation"/>
    <property name="java.specification.name" value="Java Platform API Specification"/>
    <property name="java.awt.graphicsenv" value="sun.awt.Win32GraphicsEnvironment"/>
    <property name="surefire.real.class.path" value="C:\Users\floyola\AppData\Local\Temp\surefire2694948494088374090\surefirebooter3861023683658970123.jar"/>
    <property name="sun.boot.class.path" value="C:\Program Files\Java\jdk1.8.0_241\jre\lib\resources.jar;C:\Program Files\Java\jdk1.8.0_241\jre\lib\rt.jar;C:\Program Files\Java\jdk1.8.0_241\jre\lib\sunrsasign.jar;C:\Program Files\Java\jdk1.8.0_241\jre\lib\jsse.jar;C:\Program Files\Java\jdk1.8.0_241\jre\lib\jce.jar;C:\Program Files\Java\jdk1.8.0_241\jre\lib\charsets.jar;C:\Program Files\Java\jdk1.8.0_241\jre\lib\jfr.jar;C:\Program Files\Java\jdk1.8.0_241\jre\classes"/>
    <property name="user.script" value=""/>
    <property name="sun.management.compiler" value="HotSpot 64-Bit Tiered Compilers"/>
    <property name="java.runtime.version" value="1.8.0_241-b07"/>
    <property name="user.name" value="floyola"/>
    <property name="path.separator" value=";"/>
    <property name="os.version" value="10.0"/>
    <property name="java.endorsed.dirs" value="C:\Program Files\Java\jdk1.8.0_241\jre\lib\endorsed"/>
    <property name="java.runtime.name" value="Java(TM) SE Runtime Environment"/>
    <property name="file.encoding" value="Cp1252"/>
    <property name="java.vm.name" value="Java HotSpot(TM) 64-Bit Server VM"/>
    <property name="localRepository" value="C:\Users\floyola\.m2\repository"/>
    <property name="java.vendor.url.bug" value="http://bugreport.sun.com/bugreport/"/>
    <property name="java.io.tmpdir" value="C:\Users\floyola\AppData\Local\Temp\"/>
    <property name="java.version" value="1.8.0_241"/>
    <property name="user.dir" value="C:\spring5\eclipse-workspace\microservicios-config-server"/>
    <property name="os.arch" value="amd64"/>
    <property name="java.vm.specification.name" value="Java Virtual Machine Specification"/>
    <property name="java.awt.printerjob" value="sun.awt.windows.WPrinterJob"/>
    <property name="sun.os.patch.level" value=""/>
    <property name="java.library.path" value="C:\Program Files\Java\jdk1.8.0_241\jre\bin;C:\Windows\Sun\Java\bin;C:\Windows\system32;C:\Windows;C:\Program Files (x86)\Common Files\Oracle\Java\javapath;C:\Windows\system32;C:\Windows;C:\Windows\System32\Wbem;C:\Windows\System32\WindowsPowerShell\v1.0\;C:\Windows\System32\OpenSSH\;C:\Program Files\Git\cmd;C:\xampp\php;C:\ProgramData\ComposerSetup\bin;C:\Program Files\nodejs\;C:\Program Files\MySQL\MySQL Server 8.0\bin;C:\Program Files\Java\jdk1.8.0_241\bin;C:\Program Files\MongoDB\Server\4.2\bin;C:\Program Files\RabbitMQ Server\rabbitmq_server-3.8.4\sbin;;C:\Program Files\Docker\Docker\resources\bin;C:\ProgramData\DockerDesktop\version-bin;C:\Program Files\MySQL\MySQL Shell 8.0\bin\;C:\Program Files (x86)\Common Files\Oracle\Java\javapath;C:\Windows\system32;C:\Windows;C:\Windows\System32\Wbem;C:\Windows\System32\WindowsPowerShell\v1.0\;C:\Windows\System32\OpenSSH\;C:\Program Files\Git\cmd;C:\xampp\php;C:\ProgramData\ComposerSetup\bin;C:\Program Files\nodejs\;C:\Users\floyola\AppData\Local\Microsoft\WindowsApps;C:\Users\floyola\AppData\Local\Programs\Microsoft VS Code\bin;C:\Program Files\Java\jre7\bin;C:\Program Files\JetBrains\DataGrip 2019.3.1\bin;C:\Program Files\JetBrains\WebStorm 2019.3.1\bin;C:\Program Files\JetBrains\PhpStorm 2019.3.1\bin;C:\Users\floyola\AppData\Roaming\Composer\vendor\bin;C:\Users\floyola\AppData\Roaming\npm;C:\Program Files\MySQL\MySQL Server 8.0\bin;C:\Program Files\Java\jdk1.8.0_241\bin;C:\Users\floyola\AppData\Local\atom\bin;."/>
    <property name="java.vm.info" value="mixed mode"/>
    <property name="java.vendor" value="Oracle Corporation"/>
    <property name="java.vm.version" value="25.241-b07"/>
    <property name="java.ext.dirs" value="C:\Program Files\Java\jdk1.8.0_241\jre\lib\ext;C:\Windows\Sun\Java\lib\ext"/>
    <property name="sun.io.unicode.encoding" value="UnicodeLittle"/>
    <property name="java.class.version" value="52.0"/>
  </properties>
  <testcase name="contextLoads" classname="com.fabriciospringcloud.microservicios.app.config.MicroserviciosConfigServerApplicationTests" time="0.36"/>
</testsuite>